# JRE version: OpenJDK Runtime Environment AdoptOpenJDK (11.0.10+9) (build 11.0.10+9)
# Java VM: OpenJDK 64-Bit Server VM AdoptOpenJDK (11.0.10+9, mixed mode, tiered, compressed oops, g1 gc, windows-amd64)
Heap:
 garbage-first heap   total 294912K, used 68269K [0x00000006e0e00000, 0x0000000800000000)
  region size 1024K, 55 young (56320K), 7 survivors (7168K)
 Metaspace       used 26510K, capacity 26801K, committed 27008K, reserved 1073152K
  class space    used 3008K, capacity 3091K, committed 3200K, reserved 1048576K
GC Heap History (8 events):
Event: 0.900 GC heap before
{Heap before GC invocations=0 (full 0):
 garbage-first heap   total 294912K, used 24576K [0x00000006e0e00000, 0x0000000800000000)
  region size 1024K, 24 young (24576K), 0 survivors (0K)
 Metaspace       used 9834K, capacity 9977K, committed 10240K, reserved 1058816K
  class space    used 908K, capacity 959K, committed 1024K, reserved 1048576K
}
Event: 0.907 GC heap after
{Heap after GC invocations=1 (full 0):
 garbage-first heap   total 294912K, used 7129K [0x00000006e0e00000, 0x0000000800000000)
  region size 1024K, 3 young (3072K), 3 survivors (3072K)
 Metaspace       used 9834K, capacity 9977K, committed 10240K, reserved 1058816K
  class space    used 908K, capacity 959K, committed 1024K, reserved 1048576K
}
Event: 1.071 GC heap before
{Heap before GC invocations=1 (full 0):
 garbage-first heap   total 294912K, used 22489K [0x00000006e0e00000, 0x0000000800000000)
  region size 1024K, 18 young (18432K), 3 survivors (3072K)
 Metaspace       used 10355K, capacity 10553K, committed 10752K, reserved 1058816K
  class space    used 959K, capacity 1023K, committed 1024K, reserved 1048576K
}
Event: 1.078 GC heap after
{Heap after GC invocations=2 (full 0):
 garbage-first heap   total 294912K, used 11459K [0x00000006e0e00000, 0x0000000800000000)
  region size 1024K, 3 young (3072K), 3 survivors (3072K)
 Metaspace       used 10355K, capacity 10553K, committed 10752K, reserved 1058816K
  class space    used 959K, capacity 1023K, committed 1024K, reserved 1048576K
}
Event: 2.190 GC heap before
{Heap before GC invocations=2 (full 0):
 garbage-first heap   total 294912K, used 55491K [0x00000006e0e00000, 0x0000000800000000)
  region size 1024K, 41 young (41984K), 3 survivors (3072K)
 Metaspace       used 17239K, capacity 17438K, committed 17664K, reserved 1064960K
  class space    used 1880K, capacity 1972K, committed 2048K, reserved 1048576K
}
Event: 2.201 GC heap after
{Heap after GC invocations=3 (full 0):
 garbage-first heap   total 294912K, used 16762K [0x00000006e0e00000, 0x0000000800000000)
  region size 1024K, 6 young (6144K), 6 survivors (6144K)
 Metaspace       used 17239K, capacity 17438K, committed 17664K, reserved 1064960K
  class space    used 1880K, capacity 1972K, committed 2048K, reserved 1048576K
}
Event: 2.975 GC heap before
{Heap before GC invocations=3 (full 0):
 garbage-first heap   total 294912K, used 43386K [0x00000006e0e00000, 0x0000000800000000)
  region size 1024K, 34 young (34816K), 6 survivors (6144K)
 Metaspace       used 20945K, capacity 21124K, committed 21248K, reserved 1069056K
  class space    used 2370K, capacity 2465K, committed 2560K, reserved 1048576K
}
Event: 2.989 GC heap after
{Heap after GC invocations=4 (full 0):
 garbage-first heap   total 294912K, used 20141K [0x00000006e0e00000, 0x0000000800000000)
  region size 1024K, 7 young (7168K), 7 survivors (7168K)
 Metaspace       used 20945K, capacity 21124K, committed 21248K, reserved 1069056K
  class space    used 2370K, capacity 2465K, committed 2560K, reserved 1048576K
}

